<?xml version="1.0" encoding="UTF-8"?>
<!-- Generated by org.testng.reporters.JUnitReportReporter -->
<testsuite hostname="DESKTOP-3GNNNBN" failures="0" tests="1" name="auto_testing.RegistrationTest" time="27.943" errors="0" timestamp="2024-08-09T03:18:39 EDT" skipped="0">
  <testcase classname="auto_testing.RegistrationTest" name="successfulRegistration" time="27.943"/>
</testsuite> <!-- auto_testing.RegistrationTest -->
